<?xml version="1.0" encoding="utf-8"?><testsuites name="pytest tests"><testsuite name="pytest" errors="0" failures="0" skipped="0" tests="16" time="7.247" timestamp="2026-09-03T14:43:57.659154+00:00" hostname="agent-env-a31b8a59-185f-4795-9b64-bbb24deef3be"><testcase classname="tests.backend_test" name="test_vacancies_pagination" time="0.431" /><testcase classname="tests.backend_test" name="test_vacancies_page2_different" time="0.366" /><testcase classname="tests.backend_test" name="test_vacancy_detail_and_whatsapp_summary" time="0.379" /><testcase classname="tests.backend_test" name="test_blogs_list" time="0.205" /><testcase classname="tests.backend_test" name="test_resume_templates_list_public" time="0.284" /><testcase classname="tests.backend_test" name="test_login_invalid" time="0.370" /><testcase classname="tests.backend_test" name="test_auth_me" time="0.646" /><testcase classname="tests.backend_test" name="test_admin_endpoints_require_auth" time="0.447" /><testcase classname="tests.backend_test" name="test_manual_vacancy_full_crud" time="0.737" /><testcase classname="tests.backend_test" name="test_admin_manual_vacancies_list" time="0.152" /><testcase classname="tests.backend_test" name="test_admin_vacancies_seo_list" time="0.142" /><testcase classname="tests.backend_test" name="test_admin_vacancies_seo_search" time="0.150" /><testcase classname="tests.backend_test" name="test_admin_shuffle_seo" time="0.421" /><testcase classname="tests.backend_test" name="test_admin_per_job_seo_update" time="0.350" /><testcase classname="tests.backend_test" name="test_admin_blog_crud" time="0.623" /><testcase classname="tests.backend_test" name="test_admin_resume_template_upload" time="1.007" /></testsuite></testsuites>