<?xml version="1.0" encoding="utf-8"?><testsuites name="pytest tests"><testsuite name="pytest" errors="0" failures="0" skipped="0" tests="7" time="1.129" timestamp="2026-09-03T15:52:36.263935+00:00" hostname="agent-env-a31b8a59-185f-4795-9b64-bbb24deef3be"><testcase classname="tests.test_search_filters.TestCategoryStateFilters" name="test_other_excludes_haryana" time="0.359" /><testcase classname="tests.test_search_filters.TestSearch" name="test_search_clerk" time="0.312" /><testcase classname="tests.test_search_filters.TestSearch" name="test_search_12th" time="0.100" /><testcase classname="tests.test_search_filters.TestCategoryStateFilters" name="test_haryana_category" time="0.105" /><testcase classname="tests.test_search_filters.TestSearch" name="test_search_multi_word_army_delhi" time="0.080" /><testcase classname="tests.test_search_filters.TestCategoryStateFilters" name="test_state_delhi" time="0.084" /><testcase classname="tests.test_search_filters.TestSearch" name="test_search_nonsense" time="0.126" /></testsuite></testsuites>