<?xml version="1.0" encoding="utf-8"?><testsuites name="pytest tests"><testsuite name="pytest" errors="0" failures="1" skipped="0" tests="6" time="5.708" timestamp="2026-09-05T04:35:20.522368+00:00" hostname="agent-env-afd61dde-87c5-4658-8d35-b3b3013c96f0"><testcase classname="tests.test_site_settings.TestSiteSettings" name="test_unauthenticated_put_rejected" time="0.935" /><testcase classname="tests.test_site_settings.TestSiteSettings" name="test_put_and_public_get" time="0.268" /><testcase classname="tests.test_site_settings.TestSiteSettings" name="test_social_only_save_stamp_behaviour" time="1.329" /><testcase classname="tests.test_site_settings.TestSiteSettings" name="test_theme_change_bumps_stamp" time="1.327" /><testcase classname="tests.test_site_settings.TestSiteSettings" name="test_lock_toggle_persists" time="0.445" /><testcase classname="tests.test_site_settings.TestSiteSettings" name="test_invalid_theme_value_handling" time="0.253"><failure message="AssertionError: invalid theme 'not-a-theme' accepted and served publicly&#10;assert 'not-a-theme' in ('light', 'dark', 'system', 'luxury', 'retro', 'arctic', ...)">tests/test_site_settings.py:117: in test_invalid_theme_value_handling
    assert got in ("light", "dark", "system", "luxury", "retro", "arctic", "nature", "ember", "dracula", "midnight"), \
E   AssertionError: invalid theme 'not-a-theme' accepted and served publicly
E   assert 'not-a-theme' in ('light', 'dark', 'system', 'luxury', 'retro', 'arctic', ...)</failure></testcase></testsuite></testsuites>