<?xml version="1.0" encoding="utf-8"?><testsuites name="pytest tests"><testsuite name="pytest" errors="0" failures="0" skipped="0" tests="3" time="1.306" timestamp="2026-09-05T04:11:57.778715+00:00" hostname="agent-env-afd61dde-87c5-4658-8d35-b3b3013c96f0"><testcase classname="tests.test_vacancy_alerts_email.TestVacancyAlertSubscribe" name="test_subscribe_success_and_resend_delivery" time="0.524" /><testcase classname="tests.test_vacancy_alerts_email.TestVacancyAlertSubscribe" name="test_subscribe_invalid_email_422" time="0.051" /><testcase classname="tests.test_vacancy_alerts_email.TestVacancyAlertSubscribe" name="test_subscribe_no_filters_400" time="0.054" /></testsuite></testsuites>